C:\Program Files (x86)\Microsoft Visual Studio\2019\Community\MSBuild\Microsoft\VC\v160\Microsoft.CppBuild.targets(477,5): warning MSB8004: Katalog Output nie kończy się ukośnikiem. To wystąpienie kompilacji doda ukośnik, ponieważ jest on niezbędny, aby możliwa była poprawna ocena katalogu Output.
  Main.cpp
C:\Users\Administrator\source\repos\Animation_gif_maker\Animation_gif_maker\Main.cpp(84): warning C6244: Lokalna deklaracja „iter” ukrywa poprzednią deklarację w wierszu „50” w „c:\users\administrator\source\repos\animation_gif_maker\animation_gif_maker\main.cpp”.: Lines: 50
C:\Users\Administrator\source\repos\Animation_gif_maker\Animation_gif_maker\Main.cpp(173): warning C6246: Lokalna deklaracja „i” ukrywa deklarację o tej samej nazwie w zewnętrznym zakresie. Dodatkowe informacje można znaleźć w poprzedniej deklaracji w wierszu „139” w „c:\users\administrator\source\repos\animation_gif_maker\animation_gif_maker\main.cpp”.: Lines: 139
C:\Users\Administrator\source\repos\Animation_gif_maker\Animation_gif_maker\Main.cpp(175): warning C6244: Lokalna deklaracja „s2” ukrywa poprzednią deklarację w wierszu „44” w „c:\users\administrator\source\repos\animation_gif_maker\animation_gif_maker\main.cpp”.: Lines: 44
C:\Users\Administrator\source\repos\Animation_gif_maker\Animation_gif_maker\Main.cpp(228): warning C6246: Lokalna deklaracja „i” ukrywa deklarację o tej samej nazwie w zewnętrznym zakresie. Dodatkowe informacje można znaleźć w poprzedniej deklaracji w wierszu „139” w „c:\users\administrator\source\repos\animation_gif_maker\animation_gif_maker\main.cpp”.: Lines: 139
C:\Users\Administrator\source\repos\Animation_gif_maker\Animation_gif_maker\Main.cpp(230): warning C6244: Lokalna deklaracja „s2” ukrywa poprzednią deklarację w wierszu „44” w „c:\users\administrator\source\repos\animation_gif_maker\animation_gif_maker\main.cpp”.: Lines: 44
C:\Users\Administrator\source\repos\Animation_gif_maker\Animation_gif_maker\Main.cpp(309): warning C6246: Lokalna deklaracja „i” ukrywa deklarację o tej samej nazwie w zewnętrznym zakresie. Dodatkowe informacje można znaleźć w poprzedniej deklaracji w wierszu „139” w „c:\users\administrator\source\repos\animation_gif_maker\animation_gif_maker\main.cpp”.: Lines: 139
C:\Users\Administrator\source\repos\Animation_gif_maker\Animation_gif_maker\Main.cpp(311): warning C6244: Lokalna deklaracja „s2” ukrywa poprzednią deklarację w wierszu „44” w „c:\users\administrator\source\repos\animation_gif_maker\animation_gif_maker\main.cpp”.: Lines: 44
C:\Users\Administrator\source\repos\Animation_gif_maker\Animation_gif_maker\Main.cpp(347): warning C6246: Lokalna deklaracja „i” ukrywa deklarację o tej samej nazwie w zewnętrznym zakresie. Dodatkowe informacje można znaleźć w poprzedniej deklaracji w wierszu „139” w „c:\users\administrator\source\repos\animation_gif_maker\animation_gif_maker\main.cpp”.: Lines: 139
C:\Users\Administrator\source\repos\Animation_gif_maker\Animation_gif_maker\Main.cpp(417): warning C6244: Lokalna deklaracja „t” ukrywa poprzednią deklarację w wierszu „134” w „c:\users\administrator\source\repos\animation_gif_maker\animation_gif_maker\main.cpp”.: Lines: 134
C:\Users\Administrator\source\repos\Animation_gif_maker\Animation_gif_maker\Main.cpp(624): warning C6244: Lokalna deklaracja „s2” ukrywa poprzednią deklarację w wierszu „44” w „c:\users\administrator\source\repos\animation_gif_maker\animation_gif_maker\main.cpp”.: Lines: 44
C:\Users\Administrator\source\repos\Animation_gif_maker\Animation_gif_maker\Main.cpp(705): warning C6246: Lokalna deklaracja „j” ukrywa deklarację o tej samej nazwie w zewnętrznym zakresie. Dodatkowe informacje można znaleźć w poprzedniej deklaracji w wierszu „408” w „c:\users\administrator\source\repos\animation_gif_maker\animation_gif_maker\main.cpp”.: Lines: 408
C:\Users\Administrator\source\repos\Animation_gif_maker\Animation_gif_maker\Main.cpp(712): warning C6246: Lokalna deklaracja „j” ukrywa deklarację o tej samej nazwie w zewnętrznym zakresie. Dodatkowe informacje można znaleźć w poprzedniej deklaracji w wierszu „408” w „c:\users\administrator\source\repos\animation_gif_maker\animation_gif_maker\main.cpp”.: Lines: 408
C:\Users\Administrator\source\repos\Animation_gif_maker\Animation_gif_maker\Main.cpp(713): warning C6246: Lokalna deklaracja „k” ukrywa deklarację o tej samej nazwie w zewnętrznym zakresie. Dodatkowe informacje można znaleźć w poprzedniej deklaracji w wierszu „406” w „c:\users\administrator\source\repos\animation_gif_maker\animation_gif_maker\main.cpp”.: Lines: 406
C:\Users\Administrator\source\repos\Animation_gif_maker\Animation_gif_maker\Main.cpp(725): warning C6246: Lokalna deklaracja „j” ukrywa deklarację o tej samej nazwie w zewnętrznym zakresie. Dodatkowe informacje można znaleźć w poprzedniej deklaracji w wierszu „408” w „c:\users\administrator\source\repos\animation_gif_maker\animation_gif_maker\main.cpp”.: Lines: 408
C:\Users\Administrator\source\repos\Animation_gif_maker\Animation_gif_maker\Main.cpp(726): warning C6246: Lokalna deklaracja „k” ukrywa deklarację o tej samej nazwie w zewnętrznym zakresie. Dodatkowe informacje można znaleźć w poprzedniej deklaracji w wierszu „406” w „c:\users\administrator\source\repos\animation_gif_maker\animation_gif_maker\main.cpp”.: Lines: 406
C:\Users\Administrator\source\repos\Animation_gif_maker\Animation_gif_maker\Main.cpp(738): warning C6246: Lokalna deklaracja „j” ukrywa deklarację o tej samej nazwie w zewnętrznym zakresie. Dodatkowe informacje można znaleźć w poprzedniej deklaracji w wierszu „408” w „c:\users\administrator\source\repos\animation_gif_maker\animation_gif_maker\main.cpp”.: Lines: 408
C:\Users\Administrator\source\repos\Animation_gif_maker\Animation_gif_maker\Main.cpp(739): warning C6246: Lokalna deklaracja „k” ukrywa deklarację o tej samej nazwie w zewnętrznym zakresie. Dodatkowe informacje można znaleźć w poprzedniej deklaracji w wierszu „406” w „c:\users\administrator\source\repos\animation_gif_maker\animation_gif_maker\main.cpp”.: Lines: 406
C:\Users\Administrator\source\repos\Animation_gif_maker\Animation_gif_maker\Main.cpp(392): warning C6031: Ignorowana wartość zwrotna: „_mkdir”.
C:\Users\Administrator\source\repos\Animation_gif_maker\Animation_gif_maker\Main.cpp(393): warning C6031: Ignorowana wartość zwrotna: „_mkdir”.
C:\Users\Administrator\source\repos\Animation_gif_maker\Animation_gif_maker\Main.cpp(394): warning C6031: Ignorowana wartość zwrotna: „_mkdir”.
C:\Program Files\ImageMagick-7.0.10-Q16-HDRI\include\Magick++\STL.h(1904): warning C6244: Lokalna deklaracja „current” ukrywa poprzednią deklarację w wierszu „55” w „c:\users\administrator\source\repos\animation_gif_maker\animation_gif_maker\main.cpp”.: Lines: c:\users\administrator\source\repos\animation_gif_maker\animation_gif_maker\main.cpp:55
C:\Program Files\ImageMagick-7.0.10-Q16-HDRI\include\Magick++\STL.h(2823): message : zobacz odwołanie do kompilowanego tworzenia wystąpienia „bool Magick::linkImages<InputIterator>(InputIterator,InputIterator)” funkcji szablon
          with
          [
              InputIterator=std::_Vector_iterator<std::_Vector_val<std::_Simple_types<Magick::Image>>>
          ]
C:\Program Files\ImageMagick-7.0.10-Q16-HDRI\include\Magick++\STL.h(1912): warning C6244: Lokalna deklaracja „iter” ukrywa poprzednią deklarację w wierszu „50” w „c:\users\administrator\source\repos\animation_gif_maker\animation_gif_maker\main.cpp”.: Lines: c:\users\administrator\source\repos\animation_gif_maker\animation_gif_maker\main.cpp:50
C:\Program Files\ImageMagick-7.0.10-Q16-HDRI\include\Magick++\STL.h(1960): warning C6244: Lokalna deklaracja „iter” ukrywa poprzednią deklarację w wierszu „50” w „c:\users\administrator\source\repos\animation_gif_maker\animation_gif_maker\main.cpp”.: Lines: c:\users\administrator\source\repos\animation_gif_maker\animation_gif_maker\main.cpp:50
C:\Program Files\ImageMagick-7.0.10-Q16-HDRI\include\Magick++\STL.h(2833): message : zobacz odwołanie do kompilowanego tworzenia wystąpienia „void Magick::unlinkImages<InputIterator>(InputIterator,InputIterator)” funkcji szablon
          with
          [
              InputIterator=std::_Vector_iterator<std::_Vector_val<std::_Simple_types<Magick::Image>>>
          ]
  Trwa generowanie kodu
  1 of 934 functions ( 0.1%) were compiled, the rest were copied from previous compilation.
    0 functions were new in current compilation
    1 functions had inline decision re-evaluated but remain unchanged
  Zakończono generowanie kodu
  Animation_gif_maker.vcxproj -> C:\Users\Administrator\source\repos\Animation_gif_maker\Animation_gif_maker\x64\Debug\Animation_gif_maker.exe
